lshr_loading_with_ff_corrected_1_000512.h5
lshr_loading_with_ff_000509.h5
lshr_loading_with_ff_000510.h5
lshr_loading_with_ff_corrected_1_000513.h5
lshr_loading_with_ff_corrected_2_000515.h5
lshr_loading_with_ff_corrected_2_000516.h5
lshr_loading_with_ff_corrected_2_000519.h5
lshr_loading_with_ff_corrected_2_000520.h5
lshr_loading_with_ff_corrected_2_000523.h5
lshr_loading_with_ff_corrected_2_000524.h5
lshr_loading_with_ff_corrected_2_000527.h5
lshr_loading_with_ff_corrected_2_000528.h5
lshr_loading_with_ff_corrected_2_000531.h5
lshr_loading_with_ff_corrected_2_000532.h5
lshr_loading_with_ff_corrected_2_000535.h5
lshr_loading_with_ff_corrected_2_000536.h5
lshr_loading_with_ff_corrected_2_000539.h5
lshr_loading_with_ff_corrected_2_000540.h5
lshr_loading_with_ff_corrected_2_000543.h5
lshr_loading_with_ff_corrected_2_000544.h5
lshr_loading_with_ff_corrected_2_000547.h5
lshr_loading_with_ff_corrected_2_000548.h5
lshr_loading_with_ff_corrected_2_000551.h5
lshr_loading_with_ff_corrected_2_000552.h5
lshr_loading_with_ff_corrected_2_000555.h5
lshr_loading_with_ff_corrected_2_000556.h5
lshr_loading_with_ff_corrected_2_000559.h5
lshr_loading_with_ff_corrected_2_000560.h5
lshr_loading_with_ff_corrected_2_000563.h5
lshr_loading_with_ff_corrected_2_000564.h5
lshr_loading_with_ff_corrected_2_000567.h5
lshr_loading_with_ff_corrected_2_000568.h5
lshr_loading_with_ff_corrected_2_000571.h5
lshr_loading_with_ff_corrected_2_000572.h5
lshr_loading_with_ff_corrected_2_000575.h5
lshr_loading_with_ff_corrected_2_000576.h5
lshr_loading_with_ff_corrected_2_000579.h5
lshr_loading_with_ff_corrected_2_000580.h5
lshr_loading_with_ff_corrected_2_000583.h5
lshr_loading_with_ff_corrected_2_000584.h5
lshr_loading_with_ff_corrected_2_000587.h5
lshr_loading_with_ff_corrected_2_000588.h5
lshr_loading_with_ff_corrected_2_000591.h5
lshr_loading_with_ff_corrected_2_000592.h5
lshr_loading_with_ff_corrected_2_000595.h5
lshr_loading_with_ff_corrected_2_000596.h5
lshr_loading_with_ff_corrected_2_000599.h5
lshr_loading_with_ff_corrected_2_000600.h5
lshr_loading_with_ff_corrected_2_000603.h5
lshr_loading_with_ff_corrected_2_000604.h5
lshr_loading_with_ff_corrected_2_000607.h5
lshr_loading_with_ff_corrected_2_000608.h5
lshr_loading_with_ff_corrected_2_000611.h5
lshr_loading_with_ff_corrected_2_000612.h5
lshr_loading_with_ff_corrected_2_000615.h5
lshr_loading_with_ff_corrected_2_000616.h5
lshr_loading_with_ff_corrected_2_000619.h5
lshr_loading_with_ff_corrected_2_000620.h5
lshr_loading_with_ff_corrected_2_000623.h5
lshr_loading_with_ff_corrected_2_000624.h5
lshr_loading_with_ff_corrected_2_000627.h5
lshr_loading_with_ff_corrected_2_000628.h5
lshr_loading_with_ff_corrected_2_000631.h5
lshr_loading_with_ff_corrected_2_000632.h5
lshr_loading_with_ff_corrected_2_000635.h5
lshr_loading_with_ff_corrected_2_000636.h5
lshr_loading_with_ff_corrected_2_000639.h5
lshr_loading_with_ff_corrected_2_000640.h5
lshr_loading_with_ff_corrected_2_000643.h5
lshr_loading_with_ff_corrected_2_000644.h5
lshr_loading_with_ff_corrected_2_000647.h5
lshr_loading_with_ff_corrected_2_000648.h5
lshr_loading_with_ff_corrected_2_000651.h5
lshr_loading_with_ff_corrected_2_000652.h5
lshr_loading_with_ff_corrected_2_000655.h5
lshr_loading_with_ff_corrected_2_000656.h5
lshr_loading_with_ff_corrected_2_000659.h5
lshr_loading_with_ff_corrected_2_000660.h5
lshr_loading_with_ff_corrected_2_000663.h5
lshr_loading_with_ff_corrected_2_000664.h5
lshr_loading_with_ff_corrected_2_000667.h5
lshr_loading_with_ff_corrected_2_000668.h5
lshr_loading_with_ff_corrected_2_000671.h5
lshr_loading_with_ff_corrected_2_000672.h5
lshr_loading_with_ff_corrected_2_000675.h5
lshr_loading_with_ff_corrected_2_000676.h5
lshr_loading_with_ff_corrected_2_000679.h5
lshr_loading_with_ff_corrected_2_000680.h5
lshr_loading_with_ff_corrected_2_000683.h5
lshr_loading_with_ff_corrected_2_000684.h5
lshr_loading_with_ff_corrected_2_000687.h5
lshr_loading_with_ff_corrected_2_000688.h5
lshr_loading_with_ff_corrected_2_000691.h5
lshr_loading_with_ff_corrected_2_000692.h5
lshr_loading_with_ff_corrected_2_000695.h5
lshr_loading_with_ff_corrected_2_000696.h5
lshr_loading_with_ff_corrected_2_000699.h5
lshr_loading_with_ff_corrected_2_000700.h5
lshr_loading_with_ff_corrected_2_000703.h5
lshr_loading_with_ff_corrected_2_000704.h5
lshr_loading_with_ff_corrected_3_000707.h5
lshr_loading_with_ff_corrected_3_000708.h5
lshr_loading_with_ff_corrected_3_000711.h5
lshr_loading_with_ff_corrected_3_000712.h5
lshr_loading_with_ff_corrected_3_000715.h5
lshr_loading_with_ff_corrected_3_000716.h5
lshr_loading_with_ff_corrected_3_000719.h5
lshr_loading_with_ff_corrected_3_000720.h5
lshr_loading_with_ff_corrected_3_000723.h5
lshr_loading_with_ff_corrected_3_000724.h5
lshr_loading_with_ff_corrected_3_000727.h5
lshr_loading_with_ff_corrected_3_000728.h5
lshr_loading_with_ff_corrected_3_000731.h5
lshr_loading_with_ff_corrected_3_000732.h5
lshr_loading_with_ff_corrected_3_000735.h5
lshr_loading_with_ff_corrected_3_000736.h5
lshr_loading_with_ff_corrected_3_000739.h5
lshr_loading_with_ff_corrected_3_000740.h5
lshr_loading_with_ff_corrected_3_000743.h5
lshr_loading_with_ff_corrected_3_000744.h5
lshr_loading_with_ff_corrected_3_000747.h5
lshr_loading_with_ff_corrected_3_000748.h5
lshr_loading_with_ff_corrected_3_000751.h5
lshr_loading_with_ff_corrected_3_000752.h5
lshr_loading_with_ff_corrected_3_000755.h5
lshr_loading_with_ff_corrected_3_000756.h5
lshr_loading_with_ff_corrected_3_000759.h5
lshr_loading_with_ff_corrected_3_000760.h5
lshr_loading_with_ff_corrected_3_000763.h5
lshr_loading_with_ff_corrected_3_000764.h5
lshr_loading_with_ff_corrected_3_000767.h5
lshr_loading_with_ff_corrected_3_000768.h5
lshr_loading_with_ff_corrected_3_000771.h5
lshr_loading_with_ff_corrected_3_000772.h5
lshr_loading_with_ff_corrected_3_000775.h5
lshr_loading_with_ff_corrected_3_000776.h5
lshr_loading_with_ff_corrected_3_000779.h5
lshr_loading_with_ff_corrected_3_000780.h5
lshr_loading_with_ff_corrected_3_000783.h5
lshr_loading_with_ff_corrected_3_000784.h5
lshr_loading_with_ff_corrected_3_000787.h5
lshr_loading_with_ff_corrected_3_000788.h5
lshr_loading_with_ff_corrected_3_000791.h5
lshr_loading_with_ff_corrected_3_000792.h5
lshr_loading_with_ff_corrected_3_000795.h5
lshr_loading_with_ff_corrected_3_000796.h5
lshr_loading_with_ff_corrected_3_000799.h5
lshr_loading_with_ff_corrected_3_000800.h5
lshr_loading_with_ff_corrected_3_000803.h5
lshr_loading_with_ff_corrected_3_000804.h5
lshr_loading_with_ff_corrected_3_000807.h5
lshr_loading_with_ff_corrected_3_000808.h5
lshr_loading_with_ff_corrected_3_000809.h5
lshr_loading_with_ff_corrected_3_000810.h5
lshr_loading_with_ff_corrected_3_000811.h5
lshr_loading_with_ff_corrected_3_000812.h5
lshr_r1e_bigbox_ff_000488.h5
lshr_r1e_bigbox_ff_000489.h5
lshr_r1e_bigbox_ff_000490.h5
lshr_r1e_bigbox_ff_000491.h5
lshr_r1e_bigbox_ff_000492.h5
lshr_r1e_bigbox_ff_000493.h5
lshr_r1e_state_0_test_1_000482.h5
lshr_r1e_state_0_test_2_000483.h5
lshr_r1e_state_0_test_4_000486.h5
lshr_r1e_state_1_box_ff_000496.h5
lshr_r1e_state_1_box_ff_000497.h5
lshr_r1e_state_2_bigbox_ff_000501.h5
lshr_r1e_state_2_bigbox_ff_000502.h5
lshr_r1e_state_2_bigbox_ff_000503.h5
lshr_r1e_state_2_bigbox_ff_000504.h5
lshr_r1e_state_2_bigbox_ff_000505.h5
lshr_r1e_state_2_bigbox_ff_000506.h5
lshr_r1e_state_2_test_1_000499.h5
There are 174 patch datasets in total
now need to do kmeans
(33405, 32)
kmeans is done ...
start for anomaly detection from 1st dataset (0th one is used for baseline dataset)
start for anomaly detection from 0th dataset (0th one is used for baseline dataset)
start for anomaly detection from 1th dataset (0th one is used for baseline dataset)
start for anomaly detection from 2th dataset (0th one is used for baseline dataset)
start for anomaly detection from 3th dataset (0th one is used for baseline dataset)
start for anomaly detection from 4th dataset (0th one is used for baseline dataset)
start for anomaly detection from 5th dataset (0th one is used for baseline dataset)
start for anomaly detection from 6th dataset (0th one is used for baseline dataset)
start for anomaly detection from 7th dataset (0th one is used for baseline dataset)
start for anomaly detection from 8th dataset (0th one is used for baseline dataset)
start for anomaly detection from 9th dataset (0th one is used for baseline dataset)
start for anomaly detection from 10th dataset (0th one is used for baseline dataset)
start for anomaly detection from 11th dataset (0th one is used for baseline dataset)
start for anomaly detection from 12th dataset (0th one is used for baseline dataset)
start for anomaly detection from 13th dataset (0th one is used for baseline dataset)
start for anomaly detection from 14th dataset (0th one is used for baseline dataset)
start for anomaly detection from 15th dataset (0th one is used for baseline dataset)
start for anomaly detection from 16th dataset (0th one is used for baseline dataset)
start for anomaly detection from 17th dataset (0th one is used for baseline dataset)
start for anomaly detection from 18th dataset (0th one is used for baseline dataset)
start for anomaly detection from 19th dataset (0th one is used for baseline dataset)
start for anomaly detection from 20th dataset (0th one is used for baseline dataset)
start for anomaly detection from 21th dataset (0th one is used for baseline dataset)
start for anomaly detection from 22th dataset (0th one is used for baseline dataset)
start for anomaly detection from 23th dataset (0th one is used for baseline dataset)
start for anomaly detection from 24th dataset (0th one is used for baseline dataset)
start for anomaly detection from 25th dataset (0th one is used for baseline dataset)
start for anomaly detection from 26th dataset (0th one is used for baseline dataset)
start for anomaly detection from 27th dataset (0th one is used for baseline dataset)
start for anomaly detection from 28th dataset (0th one is used for baseline dataset)
start for anomaly detection from 29th dataset (0th one is used for baseline dataset)
start for anomaly detection from 30th dataset (0th one is used for baseline dataset)
start for anomaly detection from 31th dataset (0th one is used for baseline dataset)
start for anomaly detection from 32th dataset (0th one is used for baseline dataset)
start for anomaly detection from 33th dataset (0th one is used for baseline dataset)
start for anomaly detection from 34th dataset (0th one is used for baseline dataset)
start for anomaly detection from 35th dataset (0th one is used for baseline dataset)
start for anomaly detection from 36th dataset (0th one is used for baseline dataset)
start for anomaly detection from 37th dataset (0th one is used for baseline dataset)
start for anomaly detection from 38th dataset (0th one is used for baseline dataset)
start for anomaly detection from 39th dataset (0th one is used for baseline dataset)
start for anomaly detection from 40th dataset (0th one is used for baseline dataset)
start for anomaly detection from 41th dataset (0th one is used for baseline dataset)
start for anomaly detection from 42th dataset (0th one is used for baseline dataset)
start for anomaly detection from 43th dataset (0th one is used for baseline dataset)
start for anomaly detection from 44th dataset (0th one is used for baseline dataset)
start for anomaly detection from 45th dataset (0th one is used for baseline dataset)
start for anomaly detection from 46th dataset (0th one is used for baseline dataset)
start for anomaly detection from 47th dataset (0th one is used for baseline dataset)
start for anomaly detection from 48th dataset (0th one is used for baseline dataset)
start for anomaly detection from 49th dataset (0th one is used for baseline dataset)
start for anomaly detection from 50th dataset (0th one is used for baseline dataset)
start for anomaly detection from 51th dataset (0th one is used for baseline dataset)
start for anomaly detection from 52th dataset (0th one is used for baseline dataset)
start for anomaly detection from 53th dataset (0th one is used for baseline dataset)
start for anomaly detection from 54th dataset (0th one is used for baseline dataset)
start for anomaly detection from 55th dataset (0th one is used for baseline dataset)
start for anomaly detection from 56th dataset (0th one is used for baseline dataset)
start for anomaly detection from 57th dataset (0th one is used for baseline dataset)
start for anomaly detection from 58th dataset (0th one is used for baseline dataset)
start for anomaly detection from 59th dataset (0th one is used for baseline dataset)
start for anomaly detection from 60th dataset (0th one is used for baseline dataset)
start for anomaly detection from 61th dataset (0th one is used for baseline dataset)
start for anomaly detection from 62th dataset (0th one is used for baseline dataset)
start for anomaly detection from 63th dataset (0th one is used for baseline dataset)
start for anomaly detection from 64th dataset (0th one is used for baseline dataset)
start for anomaly detection from 65th dataset (0th one is used for baseline dataset)
start for anomaly detection from 66th dataset (0th one is used for baseline dataset)
start for anomaly detection from 67th dataset (0th one is used for baseline dataset)
start for anomaly detection from 68th dataset (0th one is used for baseline dataset)
start for anomaly detection from 69th dataset (0th one is used for baseline dataset)
start for anomaly detection from 70th dataset (0th one is used for baseline dataset)
start for anomaly detection from 71th dataset (0th one is used for baseline dataset)
start for anomaly detection from 72th dataset (0th one is used for baseline dataset)
start for anomaly detection from 73th dataset (0th one is used for baseline dataset)
start for anomaly detection from 74th dataset (0th one is used for baseline dataset)
start for anomaly detection from 75th dataset (0th one is used for baseline dataset)
start for anomaly detection from 76th dataset (0th one is used for baseline dataset)
start for anomaly detection from 77th dataset (0th one is used for baseline dataset)
start for anomaly detection from 78th dataset (0th one is used for baseline dataset)
start for anomaly detection from 79th dataset (0th one is used for baseline dataset)
start for anomaly detection from 80th dataset (0th one is used for baseline dataset)
start for anomaly detection from 81th dataset (0th one is used for baseline dataset)
start for anomaly detection from 82th dataset (0th one is used for baseline dataset)
start for anomaly detection from 83th dataset (0th one is used for baseline dataset)
start for anomaly detection from 84th dataset (0th one is used for baseline dataset)
start for anomaly detection from 85th dataset (0th one is used for baseline dataset)
start for anomaly detection from 86th dataset (0th one is used for baseline dataset)
start for anomaly detection from 87th dataset (0th one is used for baseline dataset)
start for anomaly detection from 88th dataset (0th one is used for baseline dataset)
start for anomaly detection from 89th dataset (0th one is used for baseline dataset)
start for anomaly detection from 90th dataset (0th one is used for baseline dataset)
start for anomaly detection from 91th dataset (0th one is used for baseline dataset)
start for anomaly detection from 92th dataset (0th one is used for baseline dataset)
start for anomaly detection from 93th dataset (0th one is used for baseline dataset)
start for anomaly detection from 94th dataset (0th one is used for baseline dataset)
start for anomaly detection from 95th dataset (0th one is used for baseline dataset)
start for anomaly detection from 96th dataset (0th one is used for baseline dataset)
start for anomaly detection from 97th dataset (0th one is used for baseline dataset)
start for anomaly detection from 98th dataset (0th one is used for baseline dataset)
start for anomaly detection from 99th dataset (0th one is used for baseline dataset)
start for anomaly detection from 100th dataset (0th one is used for baseline dataset)
start for anomaly detection from 101th dataset (0th one is used for baseline dataset)
start for anomaly detection from 102th dataset (0th one is used for baseline dataset)
start for anomaly detection from 103th dataset (0th one is used for baseline dataset)
start for anomaly detection from 104th dataset (0th one is used for baseline dataset)
start for anomaly detection from 105th dataset (0th one is used for baseline dataset)
start for anomaly detection from 106th dataset (0th one is used for baseline dataset)
start for anomaly detection from 107th dataset (0th one is used for baseline dataset)
start for anomaly detection from 108th dataset (0th one is used for baseline dataset)
start for anomaly detection from 109th dataset (0th one is used for baseline dataset)
start for anomaly detection from 110th dataset (0th one is used for baseline dataset)
start for anomaly detection from 111th dataset (0th one is used for baseline dataset)
start for anomaly detection from 112th dataset (0th one is used for baseline dataset)
start for anomaly detection from 113th dataset (0th one is used for baseline dataset)
start for anomaly detection from 114th dataset (0th one is used for baseline dataset)
start for anomaly detection from 115th dataset (0th one is used for baseline dataset)
start for anomaly detection from 116th dataset (0th one is used for baseline dataset)
start for anomaly detection from 117th dataset (0th one is used for baseline dataset)
start for anomaly detection from 118th dataset (0th one is used for baseline dataset)
start for anomaly detection from 119th dataset (0th one is used for baseline dataset)
start for anomaly detection from 120th dataset (0th one is used for baseline dataset)
start for anomaly detection from 121th dataset (0th one is used for baseline dataset)
start for anomaly detection from 122th dataset (0th one is used for baseline dataset)
start for anomaly detection from 123th dataset (0th one is used for baseline dataset)
start for anomaly detection from 124th dataset (0th one is used for baseline dataset)
start for anomaly detection from 125th dataset (0th one is used for baseline dataset)
start for anomaly detection from 126th dataset (0th one is used for baseline dataset)
start for anomaly detection from 127th dataset (0th one is used for baseline dataset)
start for anomaly detection from 128th dataset (0th one is used for baseline dataset)
start for anomaly detection from 129th dataset (0th one is used for baseline dataset)
start for anomaly detection from 130th dataset (0th one is used for baseline dataset)
start for anomaly detection from 131th dataset (0th one is used for baseline dataset)
start for anomaly detection from 132th dataset (0th one is used for baseline dataset)
start for anomaly detection from 133th dataset (0th one is used for baseline dataset)
start for anomaly detection from 134th dataset (0th one is used for baseline dataset)
start for anomaly detection from 135th dataset (0th one is used for baseline dataset)
start for anomaly detection from 136th dataset (0th one is used for baseline dataset)
start for anomaly detection from 137th dataset (0th one is used for baseline dataset)
start for anomaly detection from 138th dataset (0th one is used for baseline dataset)
start for anomaly detection from 139th dataset (0th one is used for baseline dataset)
start for anomaly detection from 140th dataset (0th one is used for baseline dataset)
start for anomaly detection from 141th dataset (0th one is used for baseline dataset)
start for anomaly detection from 142th dataset (0th one is used for baseline dataset)
start for anomaly detection from 143th dataset (0th one is used for baseline dataset)
start for anomaly detection from 144th dataset (0th one is used for baseline dataset)
start for anomaly detection from 145th dataset (0th one is used for baseline dataset)
start for anomaly detection from 146th dataset (0th one is used for baseline dataset)
start for anomaly detection from 147th dataset (0th one is used for baseline dataset)
start for anomaly detection from 148th dataset (0th one is used for baseline dataset)
start for anomaly detection from 149th dataset (0th one is used for baseline dataset)
start for anomaly detection from 150th dataset (0th one is used for baseline dataset)
start for anomaly detection from 151th dataset (0th one is used for baseline dataset)
start for anomaly detection from 152th dataset (0th one is used for baseline dataset)
start for anomaly detection from 153th dataset (0th one is used for baseline dataset)
start for anomaly detection from 154th dataset (0th one is used for baseline dataset)
start for anomaly detection from 155th dataset (0th one is used for baseline dataset)
start for anomaly detection from 156th dataset (0th one is used for baseline dataset)
start for anomaly detection from 157th dataset (0th one is used for baseline dataset)
start for anomaly detection from 158th dataset (0th one is used for baseline dataset)
start for anomaly detection from 159th dataset (0th one is used for baseline dataset)
start for anomaly detection from 160th dataset (0th one is used for baseline dataset)
start for anomaly detection from 161th dataset (0th one is used for baseline dataset)
start for anomaly detection from 162th dataset (0th one is used for baseline dataset)
start for anomaly detection from 163th dataset (0th one is used for baseline dataset)
start for anomaly detection from 164th dataset (0th one is used for baseline dataset)
start for anomaly detection from 165th dataset (0th one is used for baseline dataset)
start for anomaly detection from 166th dataset (0th one is used for baseline dataset)
start for anomaly detection from 167th dataset (0th one is used for baseline dataset)
start for anomaly detection from 168th dataset (0th one is used for baseline dataset)
start for anomaly detection from 169th dataset (0th one is used for baseline dataset)
start for anomaly detection from 170th dataset (0th one is used for baseline dataset)
start for anomaly detection from 171th dataset (0th one is used for baseline dataset)
start for anomaly detection from 172th dataset (0th one is used for baseline dataset)
start for anomaly detection from 173th dataset (0th one is used for baseline dataset)
it takes 76.0826 seconds to test 174 datasets
the average patches for each dataset is 34978.21965317919
